Using pre-set license
Built from '2021.3/staging' branch; Version is '2021.3.10f1 (1c7d0df0160b) revision 1867021'; Using compiler version '192829333'; Build Type 'Release'
OS: 'Windows 10  (10.0.19044) 64bit Professional' Language: 'en' Physical Memory: 16016 MB
BatchMode: 1, IsHumanControllingUs: 0, StartBugReporterOnCrash: 0, Is64bit: 1, IsPro: 1

COMMAND LINE ARGUMENTS:
C:\Program Files\Unity\Hub\Editor\2021.3.10f1\Editor\Unity.exe
-adb2
-batchMode
-noUpm
-name
AssetImportWorker2
-projectPath
C:/Users/khumn010/Documents/GitHub/FollowTheLight/maze-game
-logFile
Logs/AssetImportWorker2.log
-srvPort
51229
Successfully changed project path to: C:/Users/khumn010/Documents/GitHub/FollowTheLight/maze-game
C:/Users/khumn010/Documents/GitHub/FollowTheLight/maze-game
[UnityMemory] Configuration Parameters - Can be set up in boot.config
    "memorysetup-bucket-allocator-granularity=16"
    "memorysetup-bucket-allocator-bucket-count=8"
    "memorysetup-bucket-allocator-block-size=33554432"
    "memorysetup-bucket-allocator-block-count=8"
    "memorysetup-main-allocator-block-size=16777216"
    "memorysetup-thread-allocator-block-size=16777216"
    "memorysetup-gfx-main-allocator-block-size=16777216"
    "memorysetup-gfx-thread-allocator-block-size=16777216"
    "memorysetup-cache-allocator-block-size=4194304"
    "memorysetup-typetree-allocator-block-size=2097152"
    "memorysetup-profiler-bucket-allocator-granularity=16"
    "memorysetup-profiler-bucket-allocator-bucket-count=8"
    "memorysetup-profiler-bucket-allocator-block-size=33554432"
    "memorysetup-profiler-bucket-allocator-block-count=8"
    "memorysetup-profiler-allocator-block-size=16777216"
    "memorysetup-profiler-editor-allocator-block-size=1048576"
    "memorysetup-temp-allocator-size-main=16777216"
    "memorysetup-job-temp-allocator-block-size=2097152"
    "memorysetup-job-temp-allocator-block-size-background=1048576"
    "memorysetup-job-temp-allocator-reduction-small-platforms=262144"
    "memorysetup-temp-allocator-size-background-worker=32768"
    "memorysetup-temp-allocator-size-job-worker=262144"
    "memorysetup-temp-allocator-size-preload-manager=33554432"
    "memorysetup-temp-allocator-size-nav-mesh-worker=65536"
    "memorysetup-temp-allocator-size-audio-worker=65536"
    "memorysetup-temp-allocator-size-cloud-worker=32768"
    "memorysetup-temp-allocator-size-gi-baking-worker=262144"
    "memorysetup-temp-allocator-size-gfx=262144"
Refreshing native plugins compatible for Editor in 109.59 ms, found 3 plugins.
Preloading 0 native plugins for Editor in 0.00 ms.
Initialize engine version: 2021.3.10f1 (1c7d0df0160b)
[Subsystems] Discovering subsystems at path C:/Program Files/Unity/Hub/Editor/2021.3.10f1/Editor/Data/Resources/UnitySubsystems
[Subsystems] Discovering subsystems at path C:/Users/khumn010/Documents/GitHub/FollowTheLight/maze-game/Assets
GfxDevice: creating device client; threaded=0; jobified=0
Direct3D:
    Version:  Direct3D 11.0 [level 11.1]
    Renderer: Intel(R) UHD Graphics (ID=0x9bc4)
    Vendor:   Intel
    VRAM:     8008 MB
    Driver:   27.20.100.9664
Initialize mono
Mono path[0] = 'C:/Program Files/Unity/Hub/Editor/2021.3.10f1/Editor/Data/Managed'
Mono path[1] = 'C:/Program Files/Unity/Hub/Editor/2021.3.10f1/Editor/Data/MonoBleedingEdge/lib/mono/unityjit-win32'
Mono config path = 'C:/Program Files/Unity/Hub/Editor/2021.3.10f1/Editor/Data/MonoBleedingEdge/etc'
Using monoOptions --debugger-agent=transport=dt_socket,embedding=1,server=y,suspend=n,address=127.0.0.1:56476
Begin MonoManager ReloadAssembly
Registering precompiled unity dll's ...
Register platform support module: C:/Program Files/Unity/Hub/Editor/2021.3.10f1/Editor/Data/PlaybackEngines/WebGLSupport/UnityEditor.WebGL.Extensions.dll
Register platform support module: C:/Program Files/Unity/Hub/Editor/2021.3.10f1/Editor/Data/PlaybackEngines/WindowsStandaloneSupport/UnityEditor.WindowsStandalone.Extensions.dll
Registered in 0.015038 seconds.
Native extension for WindowsStandalone target not found
Native extension for WebGL target not found
Refreshing native plugins compatible for Editor in 97.74 ms, found 3 plugins.
Preloading 0 native plugins for Editor in 0.00 ms.
Mono: successfully reloaded assembly
- Completed reload, in  0.809 seconds
Domain Reload Profiling:
	ReloadAssembly (810ms)
		BeginReloadAssembly (102ms)
			ExecutionOrderSort (0ms)
			DisableScriptedObjects (0ms)
			BackupInstance (0ms)
			ReleaseScriptingObjects (0ms)
			CreateAndSetChildDomain (1ms)
		EndReloadAssembly (544ms)
			LoadAssemblies (97ms)
			RebuildTransferFunctionScriptingTraits (0ms)
			SetupTypeCache (127ms)
			ReleaseScriptCaches (0ms)
			RebuildScriptCaches (33ms)
			SetupLoadedEditorAssemblies (314ms)
				LogAssemblyErrors (0ms)
				InitializePlatformSupportModulesInManaged (12ms)
				SetLoadedEditorAssemblies (0ms)
				RefreshPlugins (98ms)
				BeforeProcessingInitializeOnLoad (1ms)
				ProcessInitializeOnLoadAttributes (146ms)
				ProcessInitializeOnLoadMethodAttributes (55ms)
				AfterProcessingInitializeOnLoad (0ms)
				EditorAssembliesLoaded (0ms)
			ExecutionOrderSort2 (0ms)
			AwakeInstancesAfterBackupRestoration (0ms)
Platform modules already initialized, skipping
Registering precompiled user dll's ...
Registered in 0.012660 seconds.
Begin MonoManager ReloadAssembly
Symbol file LoadedFromMemory doesn't match image C:\Users\khumn010\Documents\GitHub\FollowTheLight\maze-game\Library\PackageCache\com.unity.visualscripting@1.7.8\Editor\VisualScripting.Core\Dependencies\YamlDotNet\Unity.VisualScripting.YamlDotNet.dll
Symbol file LoadedFromMemory doesn't match image C:\Users\khumn010\Documents\GitHub\FollowTheLight\maze-game\Library\PackageCache\com.unity.visualscripting@1.7.8\Editor\VisualScripting.Core\Dependencies\DotNetZip\Unity.VisualScripting.IonicZip.dll
Native extension for WindowsStandalone target not found
Native extension for WebGL target not found
Refreshing native plugins compatible for Editor in 113.77 ms, found 3 plugins.
Preloading 0 native plugins for Editor in 0.00 ms.
Mono: successfully reloaded assembly
- Completed reload, in  1.654 seconds
Domain Reload Profiling:
	ReloadAssembly (1655ms)
		BeginReloadAssembly (163ms)
			ExecutionOrderSort (0ms)
			DisableScriptedObjects (7ms)
			BackupInstance (0ms)
			ReleaseScriptingObjects (0ms)
			CreateAndSetChildDomain (23ms)
		EndReloadAssembly (1333ms)
			LoadAssemblies (183ms)
			RebuildTransferFunctionScriptingTraits (0ms)
			SetupTypeCache (332ms)
			ReleaseScriptCaches (1ms)
			RebuildScriptCaches (73ms)
			SetupLoadedEditorAssemblies (676ms)
				LogAssemblyErrors (0ms)
				InitializePlatformSupportModulesInManaged (11ms)
				SetLoadedEditorAssemblies (0ms)
				RefreshPlugins (114ms)
				BeforeProcessingInitializeOnLoad (135ms)
				ProcessInitializeOnLoadAttributes (367ms)
				ProcessInitializeOnLoadMethodAttributes (30ms)
				AfterProcessingInitializeOnLoad (19ms)
				EditorAssembliesLoaded (0ms)
			ExecutionOrderSort2 (0ms)
			AwakeInstancesAfterBackupRestoration (12ms)
Platform modules already initialized, skipping
========================================================================
Worker process is ready to serve import requests
Launched and connected shader compiler UnityShaderCompiler.exe after 0.92 seconds
Refreshing native plugins compatible for Editor in 0.63 ms, found 3 plugins.
Preloading 0 native plugins for Editor in 0.00 ms.
Unloading 3571 Unused Serialized files (Serialized files now loaded: 0)
Unloading 47 unused Assets / (1.5 MB). Loaded Objects now: 4043.
Memory consumption went from 145.5 MB to 143.9 MB.
Total: 5.497200 ms (FindLiveObjects: 0.475600 ms CreateObjectMapping: 0.341600 ms MarkObjects: 4.242200 ms  DeleteObjects: 0.436100 ms)

AssetImportParameters requested are different than current active one (requested -> active):
  custom:video-decoder-ogg-theora: a1e56fd34408186e4bbccfd4996cb3dc -> 
  custom:container-muxer-webm: aa71ff27fc2769a1b78a27578f13a17b -> 
  custom:container-demuxer-webm: 4f35f7cbe854078d1ac9338744f61a02 -> 
  custom:video-encoder-webm-vp8: eb34c28f22e8b96e1ab97ce403110664 -> 
  custom:audio-encoder-webm-vorbis: bf7c407c2cedff20999df2af8eb42d56 -> 
  custom:framework-win-MediaFoundation: 216162199b28c13a410421893ffa2e32 -> 
  custom:container-demuxer-ogg: 62fdf1f143b41e24485cea50d1cbac27 -> 
  custom:video-decoder-webm-vp8: 9c59270c3fd7afecdb556c50c9e8de78 -> 
  custom:audio-decoder-ogg-vorbis: bf7c407c2cedff20999df2af8eb42d56 -> 
========================================================================
Received Import Request.
  Time since last request: 99780.575690 seconds.
  path: Assets/Zombie
  artifactKey: Guid(4355009a928aa0143a0e9dbd329deea4) Importer(815301076,1909f56bfc062723c751e8b465ee728b)
Start importing Assets/Zombie using Guid(4355009a928aa0143a0e9dbd329deea4) Importer(815301076,1909f56bfc062723c751e8b465ee728b)  -> (artifact id: '6b66fdf8d8555635679c664362fdc6b7') in 0.030199 seconds 
========================================================================
Received Import Request.
  Time since last request: 1.713188 seconds.
  path: Assets/Zombie/Prefabs
  artifactKey: Guid(62092c25312055548a5b415184883759) Importer(815301076,1909f56bfc062723c751e8b465ee728b)
Start importing Assets/Zombie/Prefabs using Guid(62092c25312055548a5b415184883759) Importer(815301076,1909f56bfc062723c751e8b465ee728b)  -> (artifact id: 'e6799e67b6458fd8802e0645075f9819') in 0.013006 seconds 
========================================================================
Received Import Request.
  Time since last request: 0.000072 seconds.
  path: Assets/Zombie/Prefabs/Zombie3.prefab
  artifactKey: Guid(06cb2b131fe009c47a523671a8fa9ed8) Importer(815301076,1909f56bfc062723c751e8b465ee728b)
Start importing Assets/Zombie/Prefabs/Zombie3.prefab using Guid(06cb2b131fe009c47a523671a8fa9ed8) Importer(815301076,1909f56bfc062723c751e8b465ee728b)  -> (artifact id: '28003c032ff368985708ab48b7a7494a') in 0.400536 seconds 
========================================================================
Received Import Request.
  Time since last request: 0.000029 seconds.
  path: Assets/Zombie/Prefabs/Zombie2.prefab
  artifactKey: Guid(d58be77cba3adf54cb14b15052b86514) Importer(815301076,1909f56bfc062723c751e8b465ee728b)
Start importing Assets/Zombie/Prefabs/Zombie2.prefab using Guid(d58be77cba3adf54cb14b15052b86514) Importer(815301076,1909f56bfc062723c751e8b465ee728b)  -> (artifact id: 'b5e52ff4b96d967e76cfe498cebdd9c4') in 0.120106 seconds 
========================================================================
Received Import Request.
  Time since last request: 569.287448 seconds.
  path: Assets/pumpkin monster
  artifactKey: Guid(6aa1bd11cbdd06644afbdd467fc30626) Importer(815301076,1909f56bfc062723c751e8b465ee728b)
Start importing Assets/pumpkin monster using Guid(6aa1bd11cbdd06644afbdd467fc30626) Importer(815301076,1909f56bfc062723c751e8b465ee728b)  -> (artifact id: '2b3f55d62bfa9f5faa1bf16d6101a726') in 0.005547 seconds 
========================================================================
Received Import Request.
  Time since last request: 1.650870 seconds.
  path: Assets/pumpkin monster/pumpkin demo.unity
  artifactKey: Guid(f708003aec3530c4c85c318057613da7) Importer(815301076,1909f56bfc062723c751e8b465ee728b)
Start importing Assets/pumpkin monster/pumpkin demo.unity using Guid(f708003aec3530c4c85c318057613da7) Importer(815301076,1909f56bfc062723c751e8b465ee728b)  -> (artifact id: 'e85c4ac9f2763bc9c452b1e7a005151a') in 0.014203 seconds 
========================================================================
Received Import Request.
  Time since last request: 2.953714 seconds.
  path: Assets/pumpkin monster/Prefab
  artifactKey: Guid(59b7fbc5050ff5c4fb6435d43a8cbef6) Importer(815301076,1909f56bfc062723c751e8b465ee728b)
Start importing Assets/pumpkin monster/Prefab using Guid(59b7fbc5050ff5c4fb6435d43a8cbef6) Importer(815301076,1909f56bfc062723c751e8b465ee728b)  -> (artifact id: '760120b7fd202d3e8e607a2aa1fbe1bd') in 0.005441 seconds 
========================================================================
Received Import Request.
  Time since last request: 566.595405 seconds.
  path: Assets/living birds
  artifactKey: Guid(d7ad646c53e509843865d95c835cf603) Importer(815301076,1909f56bfc062723c751e8b465ee728b)
Start importing Assets/living birds using Guid(d7ad646c53e509843865d95c835cf603) Importer(815301076,1909f56bfc062723c751e8b465ee728b)  -> (artifact id: '8aa08a8a34399d5282f7f13007dbc7a8') in 0.014722 seconds 
========================================================================
Received Import Request.
  Time since last request: 2.360234 seconds.
  path: Assets/living birds/prefabs
  artifactKey: Guid(a1582787617d07b44aa2e892f0b572df) Importer(815301076,1909f56bfc062723c751e8b465ee728b)
Start importing Assets/living birds/prefabs using Guid(a1582787617d07b44aa2e892f0b572df) Importer(815301076,1909f56bfc062723c751e8b465ee728b)  -> (artifact id: '400d872f58d05bd709312bf39c8fe6db') in 0.030978 seconds 
========================================================================
Received Import Request.
  Time since last request: 0.000098 seconds.
  path: Assets/living birds/prefabs/lb_groundTarget.prefab
  artifactKey: Guid(31f99d16c6cf30d408b04dcec6f5a857) Importer(815301076,1909f56bfc062723c751e8b465ee728b)
Start importing Assets/living birds/prefabs/lb_groundTarget.prefab using Guid(31f99d16c6cf30d408b04dcec6f5a857) Importer(815301076,1909f56bfc062723c751e8b465ee728b)  -> (artifact id: '08b25f238315fe44b6fbca0a76ab6a9a') in 0.039772 seconds 
========================================================================
Received Import Request.
  Time since last request: 44.632780 seconds.
  path: Assets/SiuniaevCharacters
  artifactKey: Guid(183eba6bb332699468d09c7f27d3ed97) Importer(815301076,1909f56bfc062723c751e8b465ee728b)
Start importing Assets/SiuniaevCharacters using Guid(183eba6bb332699468d09c7f27d3ed97) Importer(815301076,1909f56bfc062723c751e8b465ee728b)  -> (artifact id: '6785a81e8f287de31c305887fda16074') in 0.014155 seconds 
========================================================================
Received Import Request.
  Time since last request: 1.370087 seconds.
  path: Assets/SiuniaevCharacters/02_Golem
  artifactKey: Guid(819c979150141274786596a42e28eafb) Importer(815301076,1909f56bfc062723c751e8b465ee728b)
Start importing Assets/SiuniaevCharacters/02_Golem using Guid(819c979150141274786596a42e28eafb) Importer(815301076,1909f56bfc062723c751e8b465ee728b)  -> (artifact id: '144158869b8b0642ee6f9a8b6eae2ef7') in 0.005489 seconds 
========================================================================
Received Import Request.
  Time since last request: 1.658789 seconds.
  path: Assets/SiuniaevCharacters/02_Golem/Prefabs
  artifactKey: Guid(612275d99a40124459b51e2c70a4c2d3) Importer(815301076,1909f56bfc062723c751e8b465ee728b)
Start importing Assets/SiuniaevCharacters/02_Golem/Prefabs using Guid(612275d99a40124459b51e2c70a4c2d3) Importer(815301076,1909f56bfc062723c751e8b465ee728b)  -> (artifact id: '99fdc37e1e8fe80ec9b149bd92129384') in 0.031114 seconds 
========================================================================
Received Import Request.
  Time since last request: 704.161096 seconds.
  path: Assets/Butterfly (Animated)
  artifactKey: Guid(bd5dbbd50ed52b84cae9ef50ca9b2a50) Importer(815301076,1909f56bfc062723c751e8b465ee728b)
Start importing Assets/Butterfly (Animated) using Guid(bd5dbbd50ed52b84cae9ef50ca9b2a50) Importer(815301076,1909f56bfc062723c751e8b465ee728b)  -> (artifact id: 'a4f6fd6802e44978b03cc36b6c381f48') in 0.006404 seconds 
========================================================================
Received Import Request.
  Time since last request: 1.668241 seconds.
  path: Assets/Butterfly (Animated)/Prefab
  artifactKey: Guid(18118b36a750dda478874630e55cf60d) Importer(815301076,1909f56bfc062723c751e8b465ee728b)
Start importing Assets/Butterfly (Animated)/Prefab using Guid(18118b36a750dda478874630e55cf60d) Importer(815301076,1909f56bfc062723c751e8b465ee728b)  -> (artifact id: 'fdc71f70c0dc09377ac0636cccd53b20') in 0.010046 seconds 
========================================================================
Received Import Request.
  Time since last request: 541.048605 seconds.
  path: Assets/Butterfly (Animated)/Prefab/Butterfly.prefab
  artifactKey: Guid(be999fe03c257ec4cb0a3a4b5ca72217) Importer(815301076,1909f56bfc062723c751e8b465ee728b)
Start importing Assets/Butterfly (Animated)/Prefab/Butterfly.prefab using Guid(be999fe03c257ec4cb0a3a4b5ca72217) Importer(815301076,1909f56bfc062723c751e8b465ee728b)  -> (artifact id: '1fa071f6d13eb60fb9eaa405aa8d2d04') in 0.394510 seconds 
========================================================================
Received Import Request.
  Time since last request: 1.928837 seconds.
  path: Assets/_TerrainAutoUpgrade
  artifactKey: Guid(9e817f726b1e8d849b8ae0e26a27d151) Importer(815301076,1909f56bfc062723c751e8b465ee728b)
Start importing Assets/_TerrainAutoUpgrade using Guid(9e817f726b1e8d849b8ae0e26a27d151) Importer(815301076,1909f56bfc062723c751e8b465ee728b)  -> (artifact id: '9612d1dc455825fd43c6c0fade82752d') in 0.005416 seconds 
========================================================================
Received Import Request.
  Time since last request: 0.143514 seconds.
  path: Assets/_TerrainAutoUpgrade/layer_Ground5-1b3407d0e55802f81.terrainlayer
  artifactKey: Guid(819b78c9756a32e4fba96e59b8e1a2d0) Importer(815301076,1909f56bfc062723c751e8b465ee728b)
Start importing Assets/_TerrainAutoUpgrade/layer_Ground5-1b3407d0e55802f81.terrainlayer using Guid(819b78c9756a32e4fba96e59b8e1a2d0) Importer(815301076,1909f56bfc062723c751e8b465ee728b)  -> (artifact id: '8ead7303ba61ec7a85f255adb25a1da6') in 0.049515 seconds 
========================================================================
Received Import Request.
  Time since last request: 0.000030 seconds.
  path: Assets/_TerrainAutoUpgrade/layer_Road3-1b3407d0e55802f81.terrainlayer
  artifactKey: Guid(23621e6b61fb800498ddcfa01a88e93c) Importer(815301076,1909f56bfc062723c751e8b465ee728b)
Start importing Assets/_TerrainAutoUpgrade/layer_Road3-1b3407d0e55802f81.terrainlayer using Guid(23621e6b61fb800498ddcfa01a88e93c) Importer(815301076,1909f56bfc062723c751e8b465ee728b)  -> (artifact id: '8c103a773417a537fbc3d51659d4c2f7') in 0.037965 seconds 
========================================================================
Received Import Request.
  Time since last request: 0.000048 seconds.
  path: Assets/_TerrainAutoUpgrade/layer_Grass3-3b3407d0e55802f81.terrainlayer
  artifactKey: Guid(293e7ef4f9b8e72409218ad8f07b1199) Importer(815301076,1909f56bfc062723c751e8b465ee728b)
Start importing Assets/_TerrainAutoUpgrade/layer_Grass3-3b3407d0e55802f81.terrainlayer using Guid(293e7ef4f9b8e72409218ad8f07b1199) Importer(815301076,1909f56bfc062723c751e8b465ee728b)  -> (artifact id: '3410dfa7fa783b5bb75baef3f62c00df') in 0.057619 seconds 
========================================================================
Received Import Request.
  Time since last request: 18.863798 seconds.
  path: Assets/SkythianCat/Hand_Painted_Nature_Kit_LITE/Textures/Landscape/Grass3-1.png
  artifactKey: Guid(0b9e1434c93e97a439baeb3c3882af13) Importer(815301076,1909f56bfc062723c751e8b465ee728b)
Start importing Assets/SkythianCat/Hand_Painted_Nature_Kit_LITE/Textures/Landscape/Grass3-1.png using Guid(0b9e1434c93e97a439baeb3c3882af13) Importer(815301076,1909f56bfc062723c751e8b465ee728b)  -> (artifact id: '7d6f930dc73e66157495eff7b52a2c64') in 0.033413 seconds 
========================================================================
Received Import Request.
  Time since last request: 4.188233 seconds.
  path: Assets/living birds/Materials-Textures/goldfinchDiffuseAlpha.png
  artifactKey: Guid(e952706f1d3bc0749b7065ea3b892d8d) Importer(815301076,1909f56bfc062723c751e8b465ee728b)
Start importing Assets/living birds/Materials-Textures/goldfinchDiffuseAlpha.png using Guid(e952706f1d3bc0749b7065ea3b892d8d) Importer(815301076,1909f56bfc062723c751e8b465ee728b)  -> (artifact id: 'df1ffdcc60c98040544c3d2fd8c50bb8') in 0.019843 seconds 
========================================================================
Received Import Request.
  Time since last request: 0.150617 seconds.
  path: Assets/SkythianCat/Hand_Painted_Nature_Kit_LITE/Textures/Landscape/Ground5-1.png
  artifactKey: Guid(25594d18fa6fc1e40b153eeb6bd15b68) Importer(815301076,1909f56bfc062723c751e8b465ee728b)
Start importing Assets/SkythianCat/Hand_Painted_Nature_Kit_LITE/Textures/Landscape/Ground5-1.png using Guid(25594d18fa6fc1e40b153eeb6bd15b68) Importer(815301076,1909f56bfc062723c751e8b465ee728b)  -> (artifact id: '24dd534ff346bb54c53b413336c10215') in 0.028581 seconds 
========================================================================
Received Import Request.
  Time since last request: 1.666648 seconds.
  path: Assets/SkythianCat/Hand_Painted_Nature_Kit_LITE/Textures/Larch_branch.png
  artifactKey: Guid(7f6b1fc3e86e86b4497970014d94455a) Importer(815301076,1909f56bfc062723c751e8b465ee728b)
Start importing Assets/SkythianCat/Hand_Painted_Nature_Kit_LITE/Textures/Larch_branch.png using Guid(7f6b1fc3e86e86b4497970014d94455a) Importer(815301076,1909f56bfc062723c751e8b465ee728b)  -> (artifact id: '75b09e79a063342c0eb91818aa718519') in 0.015826 seconds 
Editor requested this worker to shutdown with reason: Scaling down because of idle timeout
AssetImportWorker is now disconnected from the server
Process exiting
Exiting without the bug reporter. Application will terminate with return code 0