Using pre-set license
Built from '2021.3/staging' branch; Version is '2021.3.10f1 (1c7d0df0160b) revision 1867021'; Using compiler version '192829333'; Build Type 'Release'
OS: 'Windows 10  (10.0.19044) 64bit Professional' Language: 'en' Physical Memory: 16016 MB
BatchMode: 1, IsHumanControllingUs: 0, StartBugReporterOnCrash: 0, Is64bit: 1, IsPro: 1

COMMAND LINE ARGUMENTS:
C:\Program Files\Unity\Hub\Editor\2021.3.10f1\Editor\Unity.exe
-adb2
-batchMode
-noUpm
-name
AssetImportWorker10
-projectPath
C:/Users/khumn010/Documents/GitHub/FollowTheLight/maze-game
-logFile
Logs/AssetImportWorker10.log
-srvPort
51229
Successfully changed project path to: C:/Users/khumn010/Documents/GitHub/FollowTheLight/maze-game
C:/Users/khumn010/Documents/GitHub/FollowTheLight/maze-game
[UnityMemory] Configuration Parameters - Can be set up in boot.config
    "memorysetup-bucket-allocator-granularity=16"
    "memorysetup-bucket-allocator-bucket-count=8"
    "memorysetup-bucket-allocator-block-size=33554432"
    "memorysetup-bucket-allocator-block-count=8"
    "memorysetup-main-allocator-block-size=16777216"
    "memorysetup-thread-allocator-block-size=16777216"
    "memorysetup-gfx-main-allocator-block-size=16777216"
    "memorysetup-gfx-thread-allocator-block-size=16777216"
    "memorysetup-cache-allocator-block-size=4194304"
    "memorysetup-typetree-allocator-block-size=2097152"
    "memorysetup-profiler-bucket-allocator-granularity=16"
    "memorysetup-profiler-bucket-allocator-bucket-count=8"
    "memorysetup-profiler-bucket-allocator-block-size=33554432"
    "memorysetup-profiler-bucket-allocator-block-count=8"
    "memorysetup-profiler-allocator-block-size=16777216"
    "memorysetup-profiler-editor-allocator-block-size=1048576"
    "memorysetup-temp-allocator-size-main=16777216"
    "memorysetup-job-temp-allocator-block-size=2097152"
    "memorysetup-job-temp-allocator-block-size-background=1048576"
    "memorysetup-job-temp-allocator-reduction-small-platforms=262144"
    "memorysetup-temp-allocator-size-background-worker=32768"
    "memorysetup-temp-allocator-size-job-worker=262144"
    "memorysetup-temp-allocator-size-preload-manager=33554432"
    "memorysetup-temp-allocator-size-nav-mesh-worker=65536"
    "memorysetup-temp-allocator-size-audio-worker=65536"
    "memorysetup-temp-allocator-size-cloud-worker=32768"
    "memorysetup-temp-allocator-size-gi-baking-worker=262144"
    "memorysetup-temp-allocator-size-gfx=262144"
Refreshing native plugins compatible for Editor in 92.79 ms, found 3 plugins.
Preloading 0 native plugins for Editor in 0.00 ms.
Initialize engine version: 2021.3.10f1 (1c7d0df0160b)
[Subsystems] Discovering subsystems at path C:/Program Files/Unity/Hub/Editor/2021.3.10f1/Editor/Data/Resources/UnitySubsystems
[Subsystems] Discovering subsystems at path C:/Users/khumn010/Documents/GitHub/FollowTheLight/maze-game/Assets
GfxDevice: creating device client; threaded=0; jobified=0
Direct3D:
    Version:  Direct3D 11.0 [level 11.1]
    Renderer: Intel(R) UHD Graphics (ID=0x9bc4)
    Vendor:   Intel
    VRAM:     8008 MB
    Driver:   27.20.100.9664
Initialize mono
Mono path[0] = 'C:/Program Files/Unity/Hub/Editor/2021.3.10f1/Editor/Data/Managed'
Mono path[1] = 'C:/Program Files/Unity/Hub/Editor/2021.3.10f1/Editor/Data/MonoBleedingEdge/lib/mono/unityjit-win32'
Mono config path = 'C:/Program Files/Unity/Hub/Editor/2021.3.10f1/Editor/Data/MonoBleedingEdge/etc'
Using monoOptions --debugger-agent=transport=dt_socket,embedding=1,server=y,suspend=n,address=127.0.0.1:56064
Begin MonoManager ReloadAssembly
Registering precompiled unity dll's ...
Register platform support module: C:/Program Files/Unity/Hub/Editor/2021.3.10f1/Editor/Data/PlaybackEngines/WebGLSupport/UnityEditor.WebGL.Extensions.dll
Register platform support module: C:/Program Files/Unity/Hub/Editor/2021.3.10f1/Editor/Data/PlaybackEngines/WindowsStandaloneSupport/UnityEditor.WindowsStandalone.Extensions.dll
Registered in 0.011803 seconds.
Native extension for WindowsStandalone target not found
Native extension for WebGL target not found
Refreshing native plugins compatible for Editor in 83.05 ms, found 3 plugins.
Preloading 0 native plugins for Editor in 0.00 ms.
Mono: successfully reloaded assembly
- Completed reload, in  0.649 seconds
Domain Reload Profiling:
	ReloadAssembly (650ms)
		BeginReloadAssembly (109ms)
			ExecutionOrderSort (0ms)
			DisableScriptedObjects (0ms)
			BackupInstance (0ms)
			ReleaseScriptingObjects (0ms)
			CreateAndSetChildDomain (1ms)
		EndReloadAssembly (405ms)
			LoadAssemblies (103ms)
			RebuildTransferFunctionScriptingTraits (0ms)
			SetupTypeCache (90ms)
			ReleaseScriptCaches (0ms)
			RebuildScriptCaches (26ms)
			SetupLoadedEditorAssemblies (241ms)
				LogAssemblyErrors (0ms)
				InitializePlatformSupportModulesInManaged (9ms)
				SetLoadedEditorAssemblies (0ms)
				RefreshPlugins (83ms)
				BeforeProcessingInitializeOnLoad (1ms)
				ProcessInitializeOnLoadAttributes (103ms)
				ProcessInitializeOnLoadMethodAttributes (45ms)
				AfterProcessingInitializeOnLoad (0ms)
				EditorAssembliesLoaded (0ms)
			ExecutionOrderSort2 (0ms)
			AwakeInstancesAfterBackupRestoration (0ms)
Platform modules already initialized, skipping
Registering precompiled user dll's ...
Registered in 0.014996 seconds.
Begin MonoManager ReloadAssembly
Symbol file LoadedFromMemory doesn't match image C:\Users\khumn010\Documents\GitHub\FollowTheLight\maze-game\Library\PackageCache\com.unity.visualscripting@1.7.8\Editor\VisualScripting.Core\Dependencies\YamlDotNet\Unity.VisualScripting.YamlDotNet.dll
Symbol file LoadedFromMemory doesn't match image C:\Users\khumn010\Documents\GitHub\FollowTheLight\maze-game\Library\PackageCache\com.unity.visualscripting@1.7.8\Editor\VisualScripting.Core\Dependencies\DotNetZip\Unity.VisualScripting.IonicZip.dll
Native extension for WindowsStandalone target not found
Native extension for WebGL target not found
Refreshing native plugins compatible for Editor in 89.88 ms, found 3 plugins.
Preloading 0 native plugins for Editor in 0.00 ms.
System.MissingMethodException: Method not found: void UnityEditor.PluginImporter.SetShouldOverridePredicate(System.Predicate`1<string>)
UnityEngine.StackTraceUtility:ExtractStackTrace ()
UnityEngine.DebugLogHandler:LogFormat (UnityEngine.LogType,UnityEngine.Object,string,object[])
UnityEngine.Logger:Log (UnityEngine.LogType,object)
UnityEngine.Debug:LogError (object)
UnityEditor.EditorAssemblies:ProcessInitializeOnLoadAttributes (System.Type[])

Mono: successfully reloaded assembly
- Completed reload, in  1.477 seconds
Domain Reload Profiling:
	ReloadAssembly (1478ms)
		BeginReloadAssembly (120ms)
			ExecutionOrderSort (0ms)
			DisableScriptedObjects (6ms)
			BackupInstance (0ms)
			ReleaseScriptingObjects (0ms)
			CreateAndSetChildDomain (18ms)
		EndReloadAssembly (1220ms)
			LoadAssemblies (150ms)
			RebuildTransferFunctionScriptingTraits (0ms)
			SetupTypeCache (325ms)
			ReleaseScriptCaches (1ms)
			RebuildScriptCaches (64ms)
			SetupLoadedEditorAssemblies (602ms)
				LogAssemblyErrors (0ms)
				InitializePlatformSupportModulesInManaged (8ms)
				SetLoadedEditorAssemblies (0ms)
				RefreshPlugins (90ms)
				BeforeProcessingInitializeOnLoad (100ms)
				ProcessInitializeOnLoadAttributes (366ms)
				ProcessInitializeOnLoadMethodAttributes (25ms)
				AfterProcessingInitializeOnLoad (13ms)
				EditorAssembliesLoaded (0ms)
			ExecutionOrderSort2 (0ms)
			AwakeInstancesAfterBackupRestoration (10ms)
Platform modules already initialized, skipping
========================================================================
Worker process is ready to serve import requests
Launched and connected shader compiler UnityShaderCompiler.exe after 0.14 seconds
Refreshing native plugins compatible for Editor in 1.00 ms, found 3 plugins.
Preloading 0 native plugins for Editor in 0.00 ms.
Unloading 3697 Unused Serialized files (Serialized files now loaded: 0)
Unloading 55 unused Assets / (1.5 MB). Loaded Objects now: 4173.
Memory consumption went from 150.2 MB to 148.7 MB.
Total: 6.197100 ms (FindLiveObjects: 0.582500 ms CreateObjectMapping: 0.570900 ms MarkObjects: 4.718800 ms  DeleteObjects: 0.323900 ms)

AssetImportParameters requested are different than current active one (requested -> active):
  custom:video-decoder-ogg-theora: a1e56fd34408186e4bbccfd4996cb3dc -> 
  custom:container-muxer-webm: aa71ff27fc2769a1b78a27578f13a17b -> 
  custom:container-demuxer-webm: 4f35f7cbe854078d1ac9338744f61a02 -> 
  custom:video-encoder-webm-vp8: eb34c28f22e8b96e1ab97ce403110664 -> 
  custom:audio-encoder-webm-vorbis: bf7c407c2cedff20999df2af8eb42d56 -> 
  custom:framework-win-MediaFoundation: 216162199b28c13a410421893ffa2e32 -> 
  custom:container-demuxer-ogg: 62fdf1f143b41e24485cea50d1cbac27 -> 
  custom:video-decoder-webm-vp8: 9c59270c3fd7afecdb556c50c9e8de78 -> 
  custom:audio-decoder-ogg-vorbis: bf7c407c2cedff20999df2af8eb42d56 -> 
========================================================================
Received Import Request.
  Time since last request: 105095.671907 seconds.
  path: Assets/Blink
  artifactKey: Guid(9404672c391dd754a96a575c15d58fec) Importer(815301076,1909f56bfc062723c751e8b465ee728b)
Start importing Assets/Blink using Guid(9404672c391dd754a96a575c15d58fec) Importer(815301076,1909f56bfc062723c751e8b465ee728b)  -> (artifact id: 'c65722fdafabdebbeda268fd34edf993') in 0.011306 seconds 
========================================================================
Received Import Request.
  Time since last request: 1.012869 seconds.
  path: Assets/Blink/Art
  artifactKey: Guid(112ba712ff84fe54baee7ad2f700c3ce) Importer(815301076,1909f56bfc062723c751e8b465ee728b)
Start importing Assets/Blink/Art using Guid(112ba712ff84fe54baee7ad2f700c3ce) Importer(815301076,1909f56bfc062723c751e8b465ee728b)  -> (artifact id: 'be25b681dd86f5605b0526ea54c7f1ed') in 0.003926 seconds 
========================================================================
Received Import Request.
  Time since last request: 0.967373 seconds.
  path: Assets/Blink/Art/Characters
  artifactKey: Guid(69d2c17204004d246be067e9b9b7c0e2) Importer(815301076,1909f56bfc062723c751e8b465ee728b)
Start importing Assets/Blink/Art/Characters using Guid(69d2c17204004d246be067e9b9b7c0e2) Importer(815301076,1909f56bfc062723c751e8b465ee728b)  -> (artifact id: '0ef5a0335108197b0964db11a82a7e8a') in 0.006035 seconds 
========================================================================
Received Import Request.
  Time since last request: 1.031799 seconds.
  path: Assets/Blink/Art/Characters/LowPoly
  artifactKey: Guid(fddf9a28e70fe73469d81e2db2456b0e) Importer(815301076,1909f56bfc062723c751e8b465ee728b)
Start importing Assets/Blink/Art/Characters/LowPoly using Guid(fddf9a28e70fe73469d81e2db2456b0e) Importer(815301076,1909f56bfc062723c751e8b465ee728b)  -> (artifact id: '2702ed983448f12a9a47f67f33df4596') in 0.004776 seconds 
========================================================================
Received Import Request.
  Time since last request: 2.308886 seconds.
  path: Assets/Blink/Art/Characters/LowPoly/Editor
  artifactKey: Guid(6f6e539677877aa4686b907733852bed) Importer(815301076,1909f56bfc062723c751e8b465ee728b)
Start importing Assets/Blink/Art/Characters/LowPoly/Editor using Guid(6f6e539677877aa4686b907733852bed) Importer(815301076,1909f56bfc062723c751e8b465ee728b)  -> (artifact id: '95a2fd73f9eb67c68ef59771ba3f3bad') in 0.005536 seconds 
========================================================================
Received Import Request.
  Time since last request: 3.994510 seconds.
  path: Assets/Blink/Art/Characters/LowPoly/FREE_HumanLowPoly
  artifactKey: Guid(6ddda3cb637362b4ca4cbc1813528e8a) Importer(815301076,1909f56bfc062723c751e8b465ee728b)
Start importing Assets/Blink/Art/Characters/LowPoly/FREE_HumanLowPoly using Guid(6ddda3cb637362b4ca4cbc1813528e8a) Importer(815301076,1909f56bfc062723c751e8b465ee728b)  -> (artifact id: '7a0ae2c7239bb8da9136bae315d5dd18') in 0.005566 seconds 
========================================================================
Received Import Request.
  Time since last request: 1.154315 seconds.
  path: Assets/Blink/Art/Characters/LowPoly/FREE_HumanLowPoly/Prefabs_Humans
  artifactKey: Guid(13aec0c2edfc5ab45b6e2a4402590e45) Importer(815301076,1909f56bfc062723c751e8b465ee728b)
Start importing Assets/Blink/Art/Characters/LowPoly/FREE_HumanLowPoly/Prefabs_Humans using Guid(13aec0c2edfc5ab45b6e2a4402590e45) Importer(815301076,1909f56bfc062723c751e8b465ee728b)  -> (artifact id: 'd2cd274f7a610d1554df0fcb953a9e46') in 0.004667 seconds 
========================================================================
Received Import Request.
  Time since last request: 0.224748 seconds.
  path: Assets/Blink/Art/Characters/LowPoly/FREE_HumanLowPoly/Prefabs_Humans/HumanMale_Character_FREE.prefab
  artifactKey: Guid(60770bdb4dc667c45bea53db0339dc05) Importer(815301076,1909f56bfc062723c751e8b465ee728b)
Start importing Assets/Blink/Art/Characters/LowPoly/FREE_HumanLowPoly/Prefabs_Humans/HumanMale_Character_FREE.prefab using Guid(60770bdb4dc667c45bea53db0339dc05) Importer(815301076,1909f56bfc062723c751e8b465ee728b)  -> (artifact id: '824506bba562b24313dda2c08f3924b3') in 0.261935 seconds 
========================================================================
Received Import Request.
  Time since last request: 351.478109 seconds.
  path: Assets/Models
  artifactKey: Guid(fc09a95c5c3345e4a953fc1e660fba17) Importer(815301076,1909f56bfc062723c751e8b465ee728b)
Start importing Assets/Models using Guid(fc09a95c5c3345e4a953fc1e660fba17) Importer(815301076,1909f56bfc062723c751e8b465ee728b)  -> (artifact id: 'c6ee816ea6c674d33ee71e3a515df0ac') in 0.005441 seconds 
========================================================================
Received Import Request.
  Time since last request: 19.550979 seconds.
  path: Assets/Materials
  artifactKey: Guid(6fcbe8490e9e9304db828f9ca46ba402) Importer(815301076,1909f56bfc062723c751e8b465ee728b)
Start importing Assets/Materials using Guid(6fcbe8490e9e9304db828f9ca46ba402) Importer(815301076,1909f56bfc062723c751e8b465ee728b)  -> (artifact id: '010a5b633d33fd8eda1192b59053cb8f') in 0.004996 seconds 
========================================================================
Received Import Request.
  Time since last request: 0.000022 seconds.
  path: Assets/Materials/Grass.mat
  artifactKey: Guid(582e379f079794f4190527143cb4012a) Importer(815301076,1909f56bfc062723c751e8b465ee728b)
Start importing Assets/Materials/Grass.mat using Guid(582e379f079794f4190527143cb4012a) Importer(815301076,1909f56bfc062723c751e8b465ee728b)  -> (artifact id: '72bd6d993f47e52ea06bb57f35711693') in 0.245792 seconds 
========================================================================
Received Import Request.
  Time since last request: 0.000018 seconds.
  path: Assets/Materials/Mountains.mat
  artifactKey: Guid(c96eaca2125ca204c943e7a2af530656) Importer(815301076,1909f56bfc062723c751e8b465ee728b)
Start importing Assets/Materials/Mountains.mat using Guid(c96eaca2125ca204c943e7a2af530656) Importer(815301076,1909f56bfc062723c751e8b465ee728b)  -> (artifact id: '78c7a2861700a492823efcab647308e9') in 0.011331 seconds 
========================================================================
Received Import Request.
  Time since last request: 12.653748 seconds.
  path: Assets/Prefabs
  artifactKey: Guid(179355602f530db4588dfc7e69c3557e) Importer(815301076,1909f56bfc062723c751e8b465ee728b)
Start importing Assets/Prefabs using Guid(179355602f530db4588dfc7e69c3557e) Importer(815301076,1909f56bfc062723c751e8b465ee728b)  -> (artifact id: 'bb57feb91609c68c5f6961df7ca098d3') in 0.008557 seconds 
========================================================================
Received Import Request.
  Time since last request: 0.000022 seconds.
  path: Assets/Prefabs/Terrain.prefab
  artifactKey: Guid(5d07b4edc9b7f8547a9f5d57d6ca993d) Importer(815301076,1909f56bfc062723c751e8b465ee728b)
Start importing Assets/Prefabs/Terrain.prefab using Guid(5d07b4edc9b7f8547a9f5d57d6ca993d) Importer(815301076,1909f56bfc062723c751e8b465ee728b)  -> (artifact id: 'e79b6fa456a350ff0ca5ab7e89182d85') in 0.022475 seconds 
========================================================================
Received Import Request.
  Time since last request: 11.295542 seconds.
  path: Assets/Blink/Art/Animations
  artifactKey: Guid(d33901fc9e53f6d41b5a232d05017d3f) Importer(815301076,1909f56bfc062723c751e8b465ee728b)
Start importing Assets/Blink/Art/Animations using Guid(d33901fc9e53f6d41b5a232d05017d3f) Importer(815301076,1909f56bfc062723c751e8b465ee728b)  -> (artifact id: '419facff11e4498baf0311fa26a42a77') in 0.006803 seconds 
========================================================================
Received Import Request.
  Time since last request: 0.716528 seconds.
  path: Assets/Blink/Art/Animations/Animations_Starter_Pack
  artifactKey: Guid(2ad470861c2cd154997d20c3bca6d694) Importer(815301076,1909f56bfc062723c751e8b465ee728b)
Start importing Assets/Blink/Art/Animations/Animations_Starter_Pack using Guid(2ad470861c2cd154997d20c3bca6d694) Importer(815301076,1909f56bfc062723c751e8b465ee728b)  -> (artifact id: 'c90b6ab4a24db47d915f3dd86f85f566') in 0.004644 seconds 
========================================================================
Received Import Request.
  Time since last request: 3.011619 seconds.
  path: Assets/Blink/Art/Animations/Animations_Starter_Pack/Combat
  artifactKey: Guid(35b149b905f5c4645896e69ce79c884a) Importer(815301076,1909f56bfc062723c751e8b465ee728b)
Start importing Assets/Blink/Art/Animations/Animations_Starter_Pack/Combat using Guid(35b149b905f5c4645896e69ce79c884a) Importer(815301076,1909f56bfc062723c751e8b465ee728b)  -> (artifact id: 'c758f050d3d0956499b527d0c9e5fd8e') in 0.004897 seconds 
========================================================================
Received Import Request.
  Time since last request: 0.151405 seconds.
  path: Assets/Blink/Art/Animations/Animations_Starter_Pack/Combat/Buff.fbx
  artifactKey: Guid(20349140a3cb83e4d883e1456c7783d5) Importer(815301076,1909f56bfc062723c751e8b465ee728b)
Start importing Assets/Blink/Art/Animations/Animations_Starter_Pack/Combat/Buff.fbx using Guid(20349140a3cb83e4d883e1456c7783d5) Importer(815301076,1909f56bfc062723c751e8b465ee728b)  -> (artifact id: '79d43cc6087f63ed9b8c1a6e7c70a472') in 0.029068 seconds 
========================================================================
Received Import Request.
  Time since last request: 0.124864 seconds.
  path: Assets/Blink/Art/Animations/Animations_Starter_Pack/Combat/Death.fbx
  artifactKey: Guid(6d63f48bf2bc2e64a9295d5b1a4b44bf) Importer(815301076,1909f56bfc062723c751e8b465ee728b)
Start importing Assets/Blink/Art/Animations/Animations_Starter_Pack/Combat/Death.fbx using Guid(6d63f48bf2bc2e64a9295d5b1a4b44bf) Importer(815301076,1909f56bfc062723c751e8b465ee728b)  -> (artifact id: 'ca3d9c001dc65c0c4972b0df3aaed760') in 0.016880 seconds 
========================================================================
Received Import Request.
  Time since last request: 0.000024 seconds.
  path: Assets/Blink/Art/Animations/Animations_Starter_Pack/Combat/PunchLeft.fbx
  artifactKey: Guid(d193a764e528253418a9c8161269688c) Importer(815301076,1909f56bfc062723c751e8b465ee728b)
Start importing Assets/Blink/Art/Animations/Animations_Starter_Pack/Combat/PunchLeft.fbx using Guid(d193a764e528253418a9c8161269688c) Importer(815301076,1909f56bfc062723c751e8b465ee728b)  -> (artifact id: '71c83316bdfc1061ec1408de79e00e90') in 0.014064 seconds 
========================================================================
Received Import Request.
  Time since last request: 0.000023 seconds.
  path: Assets/Blink/Art/Animations/Animations_Starter_Pack/Combat/IdleCombat.fbx
  artifactKey: Guid(248146b68218df34c9ed1a14ba7a443b) Importer(815301076,1909f56bfc062723c751e8b465ee728b)
Start importing Assets/Blink/Art/Animations/Animations_Starter_Pack/Combat/IdleCombat.fbx using Guid(248146b68218df34c9ed1a14ba7a443b) Importer(815301076,1909f56bfc062723c751e8b465ee728b)  -> (artifact id: 'bd943dcedf922158e8f6a2e22e449abb') in 0.018425 seconds 
========================================================================
Received Import Request.
  Time since last request: 0.000037 seconds.
  path: Assets/Blink/Art/Animations/Animations_Starter_Pack/Combat/SpellCast.fbx
  artifactKey: Guid(afb2e0e8e5b867f49ad94f4e813c3570) Importer(815301076,1909f56bfc062723c751e8b465ee728b)
Start importing Assets/Blink/Art/Animations/Animations_Starter_Pack/Combat/SpellCast.fbx using Guid(afb2e0e8e5b867f49ad94f4e813c3570) Importer(815301076,1909f56bfc062723c751e8b465ee728b)  -> (artifact id: '09eac0d4233265f5125cd108dcad43d0') in 0.015320 seconds 
========================================================================
Received Import Request.
  Time since last request: 0.000021 seconds.
  path: Assets/Blink/Art/Animations/Animations_Starter_Pack/Combat/GetHit.fbx
  artifactKey: Guid(83e28e7ec15604e4e936c71d31a7ebad) Importer(815301076,1909f56bfc062723c751e8b465ee728b)
Start importing Assets/Blink/Art/Animations/Animations_Starter_Pack/Combat/GetHit.fbx using Guid(83e28e7ec15604e4e936c71d31a7ebad) Importer(815301076,1909f56bfc062723c751e8b465ee728b)  -> (artifact id: 'd95a15cc163e93664af8f13b228b6f9a') in 0.020293 seconds 
Editor requested this worker to shutdown with reason: Scaling down because of idle timeout
AssetImportWorker is now disconnected from the server
Process exiting
Exiting without the bug reporter. Application will terminate with return code 0