Using pre-set license
Built from '2021.3/staging' branch; Version is '2021.3.10f1 (1c7d0df0160b) revision 1867021'; Using compiler version '192829333'; Build Type 'Release'
OS: 'Windows 10  (10.0.19044) 64bit Professional' Language: 'en' Physical Memory: 16016 MB
BatchMode: 1, IsHumanControllingUs: 0, StartBugReporterOnCrash: 0, Is64bit: 1, IsPro: 1

COMMAND LINE ARGUMENTS:
C:\Program Files\Unity\Hub\Editor\2021.3.10f1\Editor\Unity.exe
-adb2
-batchMode
-noUpm
-name
AssetImportWorker9
-projectPath
C:/Users/khumn010/Documents/GitHub/FollowTheLight/maze-game
-logFile
Logs/AssetImportWorker9.log
-srvPort
51229
Successfully changed project path to: C:/Users/khumn010/Documents/GitHub/FollowTheLight/maze-game
C:/Users/khumn010/Documents/GitHub/FollowTheLight/maze-game
[UnityMemory] Configuration Parameters - Can be set up in boot.config
    "memorysetup-bucket-allocator-granularity=16"
    "memorysetup-bucket-allocator-bucket-count=8"
    "memorysetup-bucket-allocator-block-size=33554432"
    "memorysetup-bucket-allocator-block-count=8"
    "memorysetup-main-allocator-block-size=16777216"
    "memorysetup-thread-allocator-block-size=16777216"
    "memorysetup-gfx-main-allocator-block-size=16777216"
    "memorysetup-gfx-thread-allocator-block-size=16777216"
    "memorysetup-cache-allocator-block-size=4194304"
    "memorysetup-typetree-allocator-block-size=2097152"
    "memorysetup-profiler-bucket-allocator-granularity=16"
    "memorysetup-profiler-bucket-allocator-bucket-count=8"
    "memorysetup-profiler-bucket-allocator-block-size=33554432"
    "memorysetup-profiler-bucket-allocator-block-count=8"
    "memorysetup-profiler-allocator-block-size=16777216"
    "memorysetup-profiler-editor-allocator-block-size=1048576"
    "memorysetup-temp-allocator-size-main=16777216"
    "memorysetup-job-temp-allocator-block-size=2097152"
    "memorysetup-job-temp-allocator-block-size-background=1048576"
    "memorysetup-job-temp-allocator-reduction-small-platforms=262144"
    "memorysetup-temp-allocator-size-background-worker=32768"
    "memorysetup-temp-allocator-size-job-worker=262144"
    "memorysetup-temp-allocator-size-preload-manager=33554432"
    "memorysetup-temp-allocator-size-nav-mesh-worker=65536"
    "memorysetup-temp-allocator-size-audio-worker=65536"
    "memorysetup-temp-allocator-size-cloud-worker=32768"
    "memorysetup-temp-allocator-size-gi-baking-worker=262144"
    "memorysetup-temp-allocator-size-gfx=262144"
Refreshing native plugins compatible for Editor in 92.39 ms, found 3 plugins.
Preloading 0 native plugins for Editor in 0.00 ms.
Initialize engine version: 2021.3.10f1 (1c7d0df0160b)
[Subsystems] Discovering subsystems at path C:/Program Files/Unity/Hub/Editor/2021.3.10f1/Editor/Data/Resources/UnitySubsystems
[Subsystems] Discovering subsystems at path C:/Users/khumn010/Documents/GitHub/FollowTheLight/maze-game/Assets
GfxDevice: creating device client; threaded=0; jobified=0
Direct3D:
    Version:  Direct3D 11.0 [level 11.1]
    Renderer: Intel(R) UHD Graphics (ID=0x9bc4)
    Vendor:   Intel
    VRAM:     8008 MB
    Driver:   27.20.100.9664
Initialize mono
Mono path[0] = 'C:/Program Files/Unity/Hub/Editor/2021.3.10f1/Editor/Data/Managed'
Mono path[1] = 'C:/Program Files/Unity/Hub/Editor/2021.3.10f1/Editor/Data/MonoBleedingEdge/lib/mono/unityjit-win32'
Mono config path = 'C:/Program Files/Unity/Hub/Editor/2021.3.10f1/Editor/Data/MonoBleedingEdge/etc'
Using monoOptions --debugger-agent=transport=dt_socket,embedding=1,server=y,suspend=n,address=127.0.0.1:56760
Begin MonoManager ReloadAssembly
Registering precompiled unity dll's ...
Register platform support module: C:/Program Files/Unity/Hub/Editor/2021.3.10f1/Editor/Data/PlaybackEngines/WebGLSupport/UnityEditor.WebGL.Extensions.dll
Register platform support module: C:/Program Files/Unity/Hub/Editor/2021.3.10f1/Editor/Data/PlaybackEngines/WindowsStandaloneSupport/UnityEditor.WindowsStandalone.Extensions.dll
Registered in 0.011321 seconds.
Native extension for WindowsStandalone target not found
Native extension for WebGL target not found
Refreshing native plugins compatible for Editor in 84.35 ms, found 3 plugins.
Preloading 0 native plugins for Editor in 0.00 ms.
Mono: successfully reloaded assembly
- Completed reload, in  0.658 seconds
Domain Reload Profiling:
	ReloadAssembly (658ms)
		BeginReloadAssembly (120ms)
			ExecutionOrderSort (0ms)
			DisableScriptedObjects (0ms)
			BackupInstance (0ms)
			ReleaseScriptingObjects (0ms)
			CreateAndSetChildDomain (1ms)
		EndReloadAssembly (410ms)
			LoadAssemblies (112ms)
			RebuildTransferFunctionScriptingTraits (0ms)
			SetupTypeCache (90ms)
			ReleaseScriptCaches (0ms)
			RebuildScriptCaches (26ms)
			SetupLoadedEditorAssemblies (244ms)
				LogAssemblyErrors (0ms)
				InitializePlatformSupportModulesInManaged (9ms)
				SetLoadedEditorAssemblies (0ms)
				RefreshPlugins (84ms)
				BeforeProcessingInitializeOnLoad (1ms)
				ProcessInitializeOnLoadAttributes (103ms)
				ProcessInitializeOnLoadMethodAttributes (46ms)
				AfterProcessingInitializeOnLoad (0ms)
				EditorAssembliesLoaded (0ms)
			ExecutionOrderSort2 (0ms)
			AwakeInstancesAfterBackupRestoration (0ms)
Platform modules already initialized, skipping
Registering precompiled user dll's ...
Registered in 0.015540 seconds.
Begin MonoManager ReloadAssembly
Symbol file LoadedFromMemory doesn't match image C:\Users\khumn010\Documents\GitHub\FollowTheLight\maze-game\Library\PackageCache\com.unity.visualscripting@1.7.8\Editor\VisualScripting.Core\Dependencies\YamlDotNet\Unity.VisualScripting.YamlDotNet.dll
Symbol file LoadedFromMemory doesn't match image C:\Users\khumn010\Documents\GitHub\FollowTheLight\maze-game\Library\PackageCache\com.unity.visualscripting@1.7.8\Editor\VisualScripting.Core\Dependencies\DotNetZip\Unity.VisualScripting.IonicZip.dll
Native extension for WindowsStandalone target not found
Native extension for WebGL target not found
Refreshing native plugins compatible for Editor in 88.28 ms, found 3 plugins.
Preloading 0 native plugins for Editor in 0.00 ms.
System.MissingMethodException: Method not found: void UnityEditor.PluginImporter.SetShouldOverridePredicate(System.Predicate`1<string>)
UnityEngine.StackTraceUtility:ExtractStackTrace ()
UnityEngine.DebugLogHandler:LogFormat (UnityEngine.LogType,UnityEngine.Object,string,object[])
UnityEngine.Logger:Log (UnityEngine.LogType,object)
UnityEngine.Debug:LogError (object)
UnityEditor.EditorAssemblies:ProcessInitializeOnLoadAttributes (System.Type[])

Mono: successfully reloaded assembly
- Completed reload, in  1.509 seconds
Domain Reload Profiling:
	ReloadAssembly (1510ms)
		BeginReloadAssembly (121ms)
			ExecutionOrderSort (0ms)
			DisableScriptedObjects (7ms)
			BackupInstance (0ms)
			ReleaseScriptingObjects (0ms)
			CreateAndSetChildDomain (18ms)
		EndReloadAssembly (1253ms)
			LoadAssemblies (152ms)
			RebuildTransferFunctionScriptingTraits (0ms)
			SetupTypeCache (348ms)
			ReleaseScriptCaches (1ms)
			RebuildScriptCaches (66ms)
			SetupLoadedEditorAssemblies (608ms)
				LogAssemblyErrors (0ms)
				InitializePlatformSupportModulesInManaged (8ms)
				SetLoadedEditorAssemblies (0ms)
				RefreshPlugins (88ms)
				BeforeProcessingInitializeOnLoad (103ms)
				ProcessInitializeOnLoadAttributes (367ms)
				ProcessInitializeOnLoadMethodAttributes (23ms)
				AfterProcessingInitializeOnLoad (19ms)
				EditorAssembliesLoaded (0ms)
			ExecutionOrderSort2 (0ms)
			AwakeInstancesAfterBackupRestoration (14ms)
Platform modules already initialized, skipping
========================================================================
Worker process is ready to serve import requests
Launched and connected shader compiler UnityShaderCompiler.exe after 0.13 seconds
Refreshing native plugins compatible for Editor in 0.96 ms, found 3 plugins.
Preloading 0 native plugins for Editor in 0.00 ms.
Unloading 3697 Unused Serialized files (Serialized files now loaded: 0)
Unloading 55 unused Assets / (1.5 MB). Loaded Objects now: 4173.
Memory consumption went from 150.2 MB to 148.7 MB.
Total: 4.108400 ms (FindLiveObjects: 0.453200 ms CreateObjectMapping: 0.348000 ms MarkObjects: 2.900500 ms  DeleteObjects: 0.405800 ms)

AssetImportParameters requested are different than current active one (requested -> active):
  custom:video-decoder-ogg-theora: a1e56fd34408186e4bbccfd4996cb3dc -> 
  custom:container-muxer-webm: aa71ff27fc2769a1b78a27578f13a17b -> 
  custom:container-demuxer-webm: 4f35f7cbe854078d1ac9338744f61a02 -> 
  custom:video-encoder-webm-vp8: eb34c28f22e8b96e1ab97ce403110664 -> 
  custom:audio-encoder-webm-vorbis: bf7c407c2cedff20999df2af8eb42d56 -> 
  custom:framework-win-MediaFoundation: 216162199b28c13a410421893ffa2e32 -> 
  custom:container-demuxer-ogg: 62fdf1f143b41e24485cea50d1cbac27 -> 
  custom:video-decoder-webm-vp8: 9c59270c3fd7afecdb556c50c9e8de78 -> 
  custom:audio-decoder-ogg-vorbis: bf7c407c2cedff20999df2af8eb42d56 -> 
========================================================================
Received Import Request.
  Time since last request: 105458.201226 seconds.
  path: Assets/Models/Terrain.fbx
  artifactKey: Guid(b78c31ff1b708724c965bd0cce356d11) Importer(815301076,1909f56bfc062723c751e8b465ee728b)
Start importing Assets/Models/Terrain.fbx using Guid(b78c31ff1b708724c965bd0cce356d11) Importer(815301076,1909f56bfc062723c751e8b465ee728b)  -> (artifact id: '6c1dd562ccbf7ca299b3e2f0cf35429e') in 0.188600 seconds 
========================================================================
Received Import Request.
  Time since last request: 19.366753 seconds.
  path: Assets/Materials/Brick.mat
  artifactKey: Guid(31146e5e4f05e5541bba5e14533ada1d) Importer(815301076,1909f56bfc062723c751e8b465ee728b)
Start importing Assets/Materials/Brick.mat using Guid(31146e5e4f05e5541bba5e14533ada1d) Importer(815301076,1909f56bfc062723c751e8b465ee728b)  -> (artifact id: '22b89c18610ecbb81d68c35592c30b59') in 0.252957 seconds 
========================================================================
Received Import Request.
  Time since last request: 12.672862 seconds.
  path: Assets/Prefabs/Player.prefab
  artifactKey: Guid(43b3825b7be041f42822224d8477a04e) Importer(815301076,1909f56bfc062723c751e8b465ee728b)
Start importing Assets/Prefabs/Player.prefab using Guid(43b3825b7be041f42822224d8477a04e) Importer(815301076,1909f56bfc062723c751e8b465ee728b)  -> (artifact id: '98ec37727cae8462f9f74387a60aa095') in 0.011564 seconds 
========================================================================
Received Import Request.
  Time since last request: 15.072827 seconds.
  path: Assets/Blink/Art/Animations/Animations_Starter_Pack/Combat/BlockingLoop.fbx
  artifactKey: Guid(a8bd4d740daa72c46bbff25e229c4ad2) Importer(815301076,1909f56bfc062723c751e8b465ee728b)
Start importing Assets/Blink/Art/Animations/Animations_Starter_Pack/Combat/BlockingLoop.fbx using Guid(a8bd4d740daa72c46bbff25e229c4ad2) Importer(815301076,1909f56bfc062723c751e8b465ee728b)  -> (artifact id: '75f15b705ba16ac0f068690a88b70752') in 0.012337 seconds 
========================================================================
Received Import Request.
  Time since last request: 0.139893 seconds.
  path: Assets/Blink/Art/Animations/Animations_Starter_Pack/Combat/BowShot.fbx
  artifactKey: Guid(9cbb2a4d135c31e4cbeadac255ba4ecb) Importer(815301076,1909f56bfc062723c751e8b465ee728b)
Start importing Assets/Blink/Art/Animations/Animations_Starter_Pack/Combat/BowShot.fbx using Guid(9cbb2a4d135c31e4cbeadac255ba4ecb) Importer(815301076,1909f56bfc062723c751e8b465ee728b)  -> (artifact id: '7f15a4c093b7debeca199e6500ec2495') in 0.017376 seconds 
========================================================================
Received Import Request.
  Time since last request: 0.134744 seconds.
  path: Assets/Blink/Art/Animations/Animations_Starter_Pack/Combat/MeleeAttack_OneHanded.fbx
  artifactKey: Guid(3d7c10dfb76b352458c6ee3cf1acd54f) Importer(815301076,1909f56bfc062723c751e8b465ee728b)
Start importing Assets/Blink/Art/Animations/Animations_Starter_Pack/Combat/MeleeAttack_OneHanded.fbx using Guid(3d7c10dfb76b352458c6ee3cf1acd54f) Importer(815301076,1909f56bfc062723c751e8b465ee728b)  -> (artifact id: '77c54212c706ee8c166b5798979cbe4d') in 0.017548 seconds 
========================================================================
Received Import Request.
  Time since last request: 0.000029 seconds.
  path: Assets/Blink/Art/Animations/Animations_Starter_Pack/Combat/StunnedLoop.fbx
  artifactKey: Guid(8f760fa0100eb634b937fa931744496e) Importer(815301076,1909f56bfc062723c751e8b465ee728b)
Start importing Assets/Blink/Art/Animations/Animations_Starter_Pack/Combat/StunnedLoop.fbx using Guid(8f760fa0100eb634b937fa931744496e) Importer(815301076,1909f56bfc062723c751e8b465ee728b)  -> (artifact id: 'c4339bc187327e045322905c5a4cc76e') in 0.016570 seconds 
========================================================================
Received Import Request.
  Time since last request: 0.000029 seconds.
  path: Assets/Blink/Art/Animations/Animations_Starter_Pack/Combat/PunchRight.fbx
  artifactKey: Guid(b4ed12fcea5716a4b88a664cf716cfc6) Importer(815301076,1909f56bfc062723c751e8b465ee728b)
Start importing Assets/Blink/Art/Animations/Animations_Starter_Pack/Combat/PunchRight.fbx using Guid(b4ed12fcea5716a4b88a664cf716cfc6) Importer(815301076,1909f56bfc062723c751e8b465ee728b)  -> (artifact id: '8e9098aefe8934f84c4b0e5bfc6969cb') in 0.019256 seconds 
========================================================================
Received Import Request.
  Time since last request: 0.000044 seconds.
  path: Assets/Blink/Art/Animations/Animations_Starter_Pack/Combat/CastingLoop.fbx
  artifactKey: Guid(d6557ad5f7261ce4c8fe9f8f67c9d4cd) Importer(815301076,1909f56bfc062723c751e8b465ee728b)
Start importing Assets/Blink/Art/Animations/Animations_Starter_Pack/Combat/CastingLoop.fbx using Guid(d6557ad5f7261ce4c8fe9f8f67c9d4cd) Importer(815301076,1909f56bfc062723c751e8b465ee728b)  -> (artifact id: '550d5df6fdcd8cb2d7957204b18f30a9') in 0.012059 seconds 
========================================================================
Received Import Request.
  Time since last request: 0.000024 seconds.
  path: Assets/Blink/Art/Animations/Animations_Starter_Pack/Combat/MeleeAttack_TwoHanded.fbx
  artifactKey: Guid(337a802e1a50ad746827a890f372c41e) Importer(815301076,1909f56bfc062723c751e8b465ee728b)
Start importing Assets/Blink/Art/Animations/Animations_Starter_Pack/Combat/MeleeAttack_TwoHanded.fbx using Guid(337a802e1a50ad746827a890f372c41e) Importer(815301076,1909f56bfc062723c751e8b465ee728b)  -> (artifact id: '9091fe767bec518181a5bc2ef96056eb') in 0.020331 seconds 
Editor requested this worker to shutdown with reason: Scaling down because of idle timeout
AssetImportWorker is now disconnected from the server
Process exiting
Exiting without the bug reporter. Application will terminate with return code 0